<?xml version="1.0" encoding="UTF-8"?>
<testng-results ignored="0" total="1" passed="1" failed="0" skipped="0">
  <reporter-output>
  </reporter-output>
  <suite started-at="2023-07-11T12:56:29 IST" name="Default suite" finished-at="2023-07-11T12:56:38 IST" duration-ms="9245">
    <groups>
    </groups>
    <test started-at="2023-07-11T12:56:29 IST" name="Default test" finished-at="2023-07-11T12:56:38 IST" duration-ms="9245">
      <class name="demoblaze.demoblaze.PlaceOrder">
        <test-method is-config="true" signature="initializeDriver()[pri:0, instance:demoblaze.demoblaze.PlaceOrder@5158b42f]" started-at="2023-07-11T12:56:29 IST" name="initializeDriver" finished-at="2023-07-11T12:56:33 IST" duration-ms="4065" status="PASS">
          <reporter-output>
          </reporter-output>
        </test-method> <!-- initializeDriver -->
        <test-method signature="testOrder()[pri:0, instance:demoblaze.demoblaze.PlaceOrder@5158b42f]" started-at="2023-07-11T12:56:33 IST" name="testOrder" finished-at="2023-07-11T12:56:38 IST" duration-ms="4736" status="PASS">
          <reporter-output>
          </reporter-output>
        </test-method> <!-- testOrder -->
        <test-method is-config="true" signature="closeDriver()[pri:0, instance:demoblaze.demoblaze.PlaceOrder@5158b42f]" started-at="2023-07-11T12:56:38 IST" name="closeDriver" finished-at="2023-07-11T12:56:38 IST" duration-ms="396" status="PASS">
          <reporter-output>
          </reporter-output>
        </test-method> <!-- closeDriver -->
      </class> <!-- demoblaze.demoblaze.PlaceOrder -->
    </test> <!-- Default test -->
  </suite> <!-- Default suite -->
</testng-results>
